Start testing: May 11 09:35 Rom, sommertid
----------------------------------------------------------
1/2 Testing: unit_tests
1/2 Test: unit_tests
Command: "C:/Users/andre/Documents/GitHub/sp_exam/project/cmake-build-release/unittests.exe"
Directory: C:/Users/andre/Documents/GitHub/sp_exam/project/cmake-build-release
"unit_tests" start time: May 11 09:35 Rom, sommertid
Output:
----------------------------------------------------------
[doctest] doctest version is "2.4.5"
[doctest] run with "--help" for options
===============================================================================
[doctest] test cases: 3 | 3 passed | 0 failed | 0 skipped
[doctest] assertions: 9 | 9 passed | 0 failed |
[doctest] Status: SUCCESS!
<end of output>
Test time =   0.01 sec
----------------------------------------------------------
Test Passed.
"unit_tests" end time: May 11 09:35 Rom, sommertid
"unit_tests" time elapsed: 00:00:00
----------------------------------------------------------

2/2 Testing: plot_tests
2/2 Test: plot_tests
Command: "C:/Users/andre/AppData/Local/Programs/Python/Python39/python.exe" "C:/Users/andre/Documents/GitHub/sp_exam/project/py/plotter.py"
Directory: C:/Users/andre/Documents/GitHub/sp_exam/project/cmake-build-release
"plot_tests" start time: May 11 09:35 Rom, sommertid
Output:
----------------------------------------------------------
<end of output>
Test time =  15.88 sec
----------------------------------------------------------
Test Passed.
"plot_tests" end time: May 11 09:35 Rom, sommertid
"plot_tests" time elapsed: 00:00:15
----------------------------------------------------------

End testing: May 11 09:35 Rom, sommertid
